{
  "RSpec": {
    "coverage": {
      "/Users/normanrs/turing/3module/ralesengine/rales_engine/config/environment.rb": [
        null,
        1,
        null,
        null,
        1
      ],
      "/Users/normanrs/turing/3module/ralesengine/rales_engine/config/application.rb": [
        1,
        null,
        1,
        null,
        1,
        1,
        1,
        1,
        1,
        1,
        1,
        1,
        null,
        null,
        null,
        null,
        null,
        1,
        null,
        1,
        1,
        null,
        1,
        null,
        null,
        null,
        null,
        null,
        null,
        null,
        null,
        null,
        1,
        null,
        null
      ],
      "/Users/normanrs/turing/3module/ralesengine/rales_engine/config/boot.rb": [
        1,
        null,
        1,
        1
      ],
      "/Users/normanrs/turing/3module/ralesengine/rales_engine/config/environments/test.rb": [
        1,
        null,
        null,
        null,
        null,
        null,
        null,
        1,
        null,
        null,
        null,
        null,
        1,
        null,
        null,
        1,
        1,
        null,
        null,
        null,
        null,
        1,
        1,
        null,
        null,
        1,
        null,
        null,
        1,
        null,
        null,
        1,
        null,
        1,
        null,
        null,
        null,
        null,
        1,
        null,
        null,
        1,
        null,
        null,
        null,
        null
      ],
      "/Users/normanrs/turing/3module/ralesengine/rales_engine/config/initializers/application_controller_renderer.rb": [
        null,
        null,
        null,
        null,
        null,
        null,
        null,
        null
      ],
      "/Users/normanrs/turing/3module/ralesengine/rales_engine/config/initializers/backtrace_silencers.rb": [
        null,
        null,
        null,
        null,
        null,
        null,
        null
      ],
      "/Users/normanrs/turing/3module/ralesengine/rales_engine/config/initializers/cors.rb": [
        null,
        null,
        null,
        null,
        null,
        null,
        null,
        null,
        null,
        null,
        null,
        null,
        null,
        null,
        null,
        null
      ],
      "/Users/normanrs/turing/3module/ralesengine/rales_engine/config/initializers/filter_parameter_logging.rb": [
        null,
        null,
        null,
        1
      ],
      "/Users/normanrs/turing/3module/ralesengine/rales_engine/config/initializers/inflections.rb": [
        null,
        null,
        null,
        null,
        null,
        null,
        null,
        null,
        null,
        null,
        null,
        null,
        null,
        null,
        null,
        null
      ],
      "/Users/normanrs/turing/3module/ralesengine/rales_engine/config/initializers/mime_types.rb": [
        null,
        null,
        null,
        null
      ],
      "/Users/normanrs/turing/3module/ralesengine/rales_engine/config/initializers/wrap_parameters.rb": [
        null,
        null,
        null,
        null,
        null,
        null,
        1,
        2,
        null,
        null,
        null,
        null,
        null,
        null
      ],
      "/Users/normanrs/turing/3module/ralesengine/rales_engine/spec/factories/customers.rb": [
        1,
        1,
        38,
        38,
        null,
        null
      ],
      "/Users/normanrs/turing/3module/ralesengine/rales_engine/spec/factories/invoice_items.rb": [
        1,
        1,
        16,
        16,
        1,
        1,
        null,
        null
      ],
      "/Users/normanrs/turing/3module/ralesengine/rales_engine/spec/factories/invoices.rb": [
        1,
        1,
        1,
        1,
        20,
        null,
        null
      ],
      "/Users/normanrs/turing/3module/ralesengine/rales_engine/spec/factories/items.rb": [
        1,
        1,
        37,
        41,
        37,
        1,
        null,
        null
      ],
      "/Users/normanrs/turing/3module/ralesengine/rales_engine/spec/factories/merchants.rb": [
        1,
        1,
        65,
        null,
        null
      ],
      "/Users/normanrs/turing/3module/ralesengine/rales_engine/spec/factories/transactions.rb": [
        1,
        1,
        1,
        5,
        5,
        1,
        null,
        null
      ],
      "/Users/normanrs/turing/3module/ralesengine/rales_engine/config/routes.rb": [
        1,
        null,
        null,
        1,
        1,
        1,
        1,
        1,
        1,
        1,
        1,
        1,
        null,
        null,
        null,
        1,
        1,
        1,
        1,
        null,
        null,
        1,
        1,
        1,
        1,
        null,
        null,
        1,
        1,
        1,
        1,
        null,
        null,
        1,
        1,
        1,
        1,
        null,
        null,
        1,
        1,
        1,
        1,
        null,
        null,
        1,
        null,
        1,
        1,
        1,
        1,
        null,
        null,
        null,
        1,
        1,
        1,
        1,
        1,
        1,
        null,
        null,
        1,
        1,
        1,
        null,
        null,
        1,
        1,
        1,
        1,
        1,
        1,
        null,
        null,
        null,
        1,
        1,
        null,
        null,
        1,
        1,
        1,
        1,
        null,
        null,
        null,
        null,
        null,
        null
      ],
      "/Users/normanrs/turing/3module/ralesengine/rales_engine/app/models/customer.rb": [
        1,
        1,
        null,
        1,
        1,
        null
      ],
      "/Users/normanrs/turing/3module/ralesengine/rales_engine/app/models/application_record.rb": [
        1,
        1,
        null,
        1,
        0,
        null,
        null,
        null,
        null,
        null
      ],
      "/Users/normanrs/turing/3module/ralesengine/rales_engine/app/models/merchant.rb": [
        1,
        1,
        1,
        1,
        1,
        null,
        1,
        null,
        null,
        null,
        null,
        null,
        0,
        null,
        null,
        null,
        1,
        null,
        null,
        null,
        null,
        0,
        null,
        null,
        null,
        null
      ],
      "/Users/normanrs/turing/3module/ralesengine/rales_engine/app/models/item.rb": [
        1,
        1,
        null,
        1,
        1,
        1,
        null,
        1,
        null,
        null,
        null,
        null,
        null,
        null,
        1,
        null,
        null,
        null,
        null,
        null,
        null,
        null,
        null,
        null,
        null,
        null
      ],
      "/Users/normanrs/turing/3module/ralesengine/rales_engine/app/controllers/api/v1/items_controller.rb": [
        1,
        null,
        1,
        1,
        null,
        null,
        1,
        1,
        null,
        null,
        null
      ],
      "/Users/normanrs/turing/3module/ralesengine/rales_engine/app/controllers/application_controller.rb": [
        1,
        null,
        null
      ],
      "/Users/normanrs/turing/3module/ralesengine/rales_engine/app/serializers/item_serializer.rb": [
        1,
        1,
        1,
        null
      ],
      "/Users/normanrs/turing/3module/ralesengine/rales_engine/app/controllers/api/v1/items/search_controller.rb": [
        1,
        1,
        7,
        7,
        null,
        0,
        null,
        null,
        null,
        1,
        6,
        null,
        null,
        1,
        null,
        1,
        20,
        null,
        null,
        null
      ],
      "/Users/normanrs/turing/3module/ralesengine/rales_engine/app/models/invoice_item.rb": [
        1,
        1,
        null,
        1,
        1,
        null
      ],
      "/Users/normanrs/turing/3module/ralesengine/rales_engine/app/models/invoice.rb": [
        1,
        1,
        null,
        1,
        1,
        1,
        1,
        1,
        null,
        null
      ],
      "/Users/normanrs/turing/3module/ralesengine/rales_engine/app/controllers/api/v1/items/invoice_items_controller.rb": [
        1,
        null,
        1,
        1,
        null,
        null,
        null
      ],
      "/Users/normanrs/turing/3module/ralesengine/rales_engine/app/serializers/invoice_item_serializer.rb": [
        1,
        1,
        1,
        null
      ],
      "/Users/normanrs/turing/3module/ralesengine/rales_engine/app/controllers/api/v1/items/merchant_controller.rb": [
        1,
        null,
        1,
        1,
        1,
        null,
        null,
        null
      ],
      "/Users/normanrs/turing/3module/ralesengine/rales_engine/app/serializers/merchant_serializer.rb": [
        1,
        1,
        1,
        null
      ],
      "/Users/normanrs/turing/3module/ralesengine/rales_engine/app/models/transaction.rb": [
        1,
        1,
        null,
        1,
        null
      ],
      "/Users/normanrs/turing/3module/ralesengine/rales_engine/app/controllers/api/v1/items/bestday_controller.rb": [
        1,
        null,
        1,
        1,
        null,
        null,
        null,
        null
      ],
      "/Users/normanrs/turing/3module/ralesengine/rales_engine/app/serializers/date_serializer.rb": [
        1,
        1,
        1,
        null
      ]
    },
    "timestamp": 1543708852
  }
}
